\BOOKMARK [1][-]{section*.1}{Declaration}{}% 1
\BOOKMARK [1][-]{section*.2}{Abstract}{}% 2
\BOOKMARK [1][-]{section*.3}{Acknowledgements}{}% 3
\BOOKMARK [1][-]{section*.3}{List of Figures}{}% 4
\BOOKMARK [1][-]{section*.4}{List of Algorithms}{}% 5
\BOOKMARK [1][-]{section*.4}{List of Tables}{}% 6
\BOOKMARK [1][-]{section.1}{Introduction}{}% 7
\BOOKMARK [2][-]{subsection.1.1}{Background}{section.1}% 8
\BOOKMARK [2][-]{subsection.1.2}{Motivation}{section.1}% 9
\BOOKMARK [2][-]{subsection.1.3}{Privacy Concerns}{section.1}% 10
\BOOKMARK [2][-]{subsection.1.4}{Report Outline}{section.1}% 11
\BOOKMARK [1][-]{section.2}{Literature Review}{}% 12
\BOOKMARK [2][-]{subsection.2.1}{Machine Learning}{section.2}% 13
\BOOKMARK [2][-]{subsection.2.2}{Neural Networks}{section.2}% 14
\BOOKMARK [2][-]{subsection.2.3}{Neurons}{section.2}% 15
\BOOKMARK [2][-]{subsection.2.4}{Architecture}{section.2}% 16
\BOOKMARK [3][-]{subsubsection.2.4.1}{Dense}{subsection.2.4}% 17
\BOOKMARK [3][-]{subsubsection.2.4.2}{Convolutional}{subsection.2.4}% 18
\BOOKMARK [2][-]{subsection.2.5}{Training}{section.2}% 19
\BOOKMARK [2][-]{subsection.2.6}{Federated Machine Learning}{section.2}% 20
\BOOKMARK [3][-]{subsubsection.2.6.1}{Benefits}{subsection.2.6}% 21
\BOOKMARK [3][-]{subsubsection.2.6.2}{Drawbacks}{subsection.2.6}% 22
\BOOKMARK [1][-]{section.3}{Core Design}{}% 23
\BOOKMARK [2][-]{subsection.3.1}{Non-Federated Learning}{section.3}% 24
\BOOKMARK [3][-]{subsubsection.3.1.1}{Design}{subsection.3.1}% 25
\BOOKMARK [3][-]{subsubsection.3.1.2}{Implementation}{subsection.3.1}% 26
\BOOKMARK [2][-]{subsection.3.2}{Federated Learning}{section.3}% 27
\BOOKMARK [3][-]{subsubsection.3.2.1}{Design}{subsection.3.2}% 28
\BOOKMARK [3][-]{subsubsection.3.2.2}{Implementation}{subsection.3.2}% 29
\BOOKMARK [2][-]{subsection.3.3}{TensorFlow Federated}{section.3}% 30
\BOOKMARK [1][-]{section.4}{Extensions to Federated Learning}{}% 31
\BOOKMARK [2][-]{subsection.4.1}{Centralised Averaging}{section.4}% 32
\BOOKMARK [3][-]{subsubsection.4.1.1}{Weighted Average}{subsection.4.1}% 33
\BOOKMARK [3][-]{subsubsection.4.1.2}{Selective Inclusion}{subsection.4.1}% 34
\BOOKMARK [2][-]{subsection.4.2}{Peer to Peer}{section.4}% 35
\BOOKMARK [3][-]{subsubsection.4.2.1}{Weighted Average}{subsection.4.2}% 36
\BOOKMARK [3][-]{subsubsection.4.2.2}{Selective Inclusion}{subsection.4.2}% 37
\BOOKMARK [2][-]{subsection.4.3}{Localised Training}{section.4}% 38
\BOOKMARK [1][-]{section.5}{Experimentation}{}% 39
\BOOKMARK [2][-]{subsection.5.1}{Setup}{section.5}% 40
\BOOKMARK [2][-]{subsection.5.2}{Framework}{section.5}% 41
\BOOKMARK [3][-]{subsubsection.5.2.1}{Design}{subsection.5.2}% 42
\BOOKMARK [3][-]{subsubsection.5.2.2}{Implementation}{subsection.5.2}% 43
\BOOKMARK [2][-]{subsection.5.3}{User Initialisation}{section.5}% 44
\BOOKMARK [3][-]{subsubsection.5.3.1}{Global User}{subsection.5.3}% 45
\BOOKMARK [3][-]{subsubsection.5.3.2}{Federated Users}{subsection.5.3}% 46
\BOOKMARK [2][-]{subsection.5.4}{Graphing}{section.5}% 47
\BOOKMARK [2][-]{subsection.5.5}{Postures Dataset}{section.5}% 48
\BOOKMARK [3][-]{subsubsection.5.5.1}{Data separation}{subsection.5.5}% 49
\BOOKMARK [3][-]{subsubsection.5.5.2}{Model Selection}{subsection.5.5}% 50
\BOOKMARK [3][-]{subsubsection.5.5.3}{Results}{subsection.5.5}% 51
\BOOKMARK [3][-]{subsubsection.5.5.4}{Sanity check using TFF}{subsection.5.5}% 52
\BOOKMARK [2][-]{subsection.5.6}{Image dataset}{section.5}% 53
\BOOKMARK [3][-]{subsubsection.5.6.1}{Data Separation}{subsection.5.6}% 54
\BOOKMARK [3][-]{subsubsection.5.6.2}{Model Selection}{subsection.5.6}% 55
\BOOKMARK [3][-]{subsubsection.5.6.3}{Results}{subsection.5.6}% 56
\BOOKMARK [1][-]{section.6}{Conclusions and future work}{}% 57
